android/app/build/intermediates/manifest_merge_blame_file/debug/manifest-merger-blame-debug-report.txt
1<?xml version="1.0" encoding="utf-8"?>
2<manifest xmlns:android="http://schemas.android.com/apk/res/android"
3    package="com.broapp.user"
4    android:versionCode="5"
5    android:versionName="5.0" >
6
7    <uses-sdk
8        android:minSdkVersion="21"
9        android:targetSdkVersion="30" />
10
11    <uses-permission android:name="android.permission.SYSTEM_ALERT_WINDOW" />
11-->src/debug/AndroidManifest.xml:5:5-77
11-->src/debug/AndroidManifest.xml:5:22-75
12    <uses-permission android:name="android.permission.INTERNET" />
12-->src/main/AndroidManifest.xml:4:5-67
12-->src/main/AndroidManifest.xml:4:22-64
13    <uses-permission android:name="android.permission.WRITE_CONTACTS" />
13-->src/main/AndroidManifest.xml:5:5-73
13-->src/main/AndroidManifest.xml:5:22-70
14    <uses-permission android:name="android.permission.READ_CONTACTS" />
14-->src/main/AndroidManifest.xml:6:5-72
14-->src/main/AndroidManifest.xml:6:22-69
15    <uses-permission android:name="android.permission.VIBRATE" />
15-->src/main/AndroidManifest.xml:7:5-66
15-->src/main/AndroidManifest.xml:7:22-63
16    <uses-permission android:name="android.permission.RECEIVE_BOOT_COMPLETED" />
16-->src/main/AndroidManifest.xml:8:5-80
16-->src/main/AndroidManifest.xml:8:22-78
17    <uses-permission android:name="android.permission.ACCESS_WIFI_STATE" />
17-->[com.facebook.flipper:flipper:0.75.1] AndroidManifest.xml:16:5-76
17-->[com.facebook.flipper:flipper:0.75.1] AndroidManifest.xml:16:22-73
18    <uses-permission android:name="android.permission.WAKE_LOCK" />
18-->[:react-native-firebase_messaging] AndroidManifest.xml:10:5-68
18-->[:react-native-firebase_messaging] AndroidManifest.xml:10:22-65
19    <uses-permission android:name="android.permission.ACCESS_NETWORK_STATE" /> <!-- Required by older versions of Google Play services to create IID tokens -->
19-->[:react-native-firebase_messaging] AndroidManifest.xml:11:5-79
19-->[:react-native-firebase_messaging] AndroidManifest.xml:11:22-76
20    <uses-permission android:name="com.google.android.c2dm.permission.RECEIVE" />
20-->[com.google.firebase:firebase-messaging:23.0.0] AndroidManifest.xml:25:5-82
20-->[com.google.firebase:firebase-messaging:23.0.0] AndroidManifest.xml:25:22-79
21    <uses-permission android:name="com.google.android.finsky.permission.BIND_GET_INSTALL_REFERRER_SERVICE" /> <!-- Include required permissions for Advertising Id -->
21-->[com.google.android.gms:play-services-measurement:20.0.2] AndroidManifest.xml:26:5-110
21-->[com.google.android.gms:play-services-measurement:20.0.2] AndroidManifest.xml:26:22-107
22    <uses-permission android:name="com.google.android.gms.permission.AD_ID" /> <!-- for android -->
22-->[com.google.android.gms:play-services-ads-identifier:18.0.0] AndroidManifest.xml:23:5-79
22-->[com.google.android.gms:play-services-ads-identifier:18.0.0] AndroidManifest.xml:23:22-76
23    <!-- <uses-permission android:name="com.android.launcher.permission.READ_SETTINGS"/> -->
24    <!-- <uses-permission android:name="com.android.launcher.permission.WRITE_SETTINGS"/> -->
25    <!-- <uses-permission android:name="com.android.launcher.permission.INSTALL_SHORTCUT" /> -->
26    <!-- <uses-permission android:name="com.android.launcher.permission.UNINSTALL_SHORTCUT" /> -->
27    <!-- for Samsung -->
28    <uses-permission android:name="com.sec.android.provider.badge.permission.READ" />
28-->[me.leolin:ShortcutBadger:1.1.22] AndroidManifest.xml:19:5-86
28-->[me.leolin:ShortcutBadger:1.1.22] AndroidManifest.xml:19:22-83
29    <uses-permission android:name="com.sec.android.provider.badge.permission.WRITE" /> <!-- for htc -->
29-->[me.leolin:ShortcutBadger:1.1.22] AndroidManifest.xml:20:5-87
29-->[me.leolin:ShortcutBadger:1.1.22] AndroidManifest.xml:20:22-84
30    <uses-permission android:name="com.htc.launcher.permission.READ_SETTINGS" />
30-->[me.leolin:ShortcutBadger:1.1.22] AndroidManifest.xml:23:5-81
30-->[me.leolin:ShortcutBadger:1.1.22] AndroidManifest.xml:23:22-78
31    <uses-permission android:name="com.htc.launcher.permission.UPDATE_SHORTCUT" /> <!-- for sony -->
31-->[me.leolin:ShortcutBadger:1.1.22] AndroidManifest.xml:24:5-83
31-->[me.leolin:ShortcutBadger:1.1.22] AndroidManifest.xml:24:22-80
32    <uses-permission android:name="com.sonyericsson.home.permission.BROADCAST_BADGE" />
32-->[me.leolin:ShortcutBadger:1.1.22] AndroidManifest.xml:27:5-88
32-->[me.leolin:ShortcutBadger:1.1.22] AndroidManifest.xml:27:22-85
33    <uses-permission android:name="com.sonymobile.home.permission.PROVIDER_INSERT_BADGE" /> <!-- for apex -->
33-->[me.leolin:ShortcutBadger:1.1.22] AndroidManifest.xml:28:5-92
33-->[me.leolin:ShortcutBadger:1.1.22] AndroidManifest.xml:28:22-89
34    <uses-permission android:name="com.anddoes.launcher.permission.UPDATE_COUNT" /> <!-- for solid -->
34-->[me.leolin:ShortcutBadger:1.1.22] AndroidManifest.xml:31:5-84
34-->[me.leolin:ShortcutBadger:1.1.22] AndroidManifest.xml:31:22-81
35    <uses-permission android:name="com.majeur.launcher.permission.UPDATE_BADGE" /> <!-- for huawei -->
35-->[me.leolin:ShortcutBadger:1.1.22] AndroidManifest.xml:34:5-83
35-->[me.leolin:ShortcutBadger:1.1.22] AndroidManifest.xml:34:22-80
36    <uses-permission android:name="com.huawei.android.launcher.permission.CHANGE_BADGE" />
36-->[me.leolin:ShortcutBadger:1.1.22] AndroidManifest.xml:37:5-91
36-->[me.leolin:ShortcutBadger:1.1.22] AndroidManifest.xml:37:22-88
37    <uses-permission android:name="com.huawei.android.launcher.permission.READ_SETTINGS" />
37-->[me.leolin:ShortcutBadger:1.1.22] AndroidManifest.xml:38:5-92
37-->[me.leolin:ShortcutBadger:1.1.22] AndroidManifest.xml:38:22-89
38    <uses-permission android:name="com.huawei.android.launcher.permission.WRITE_SETTINGS" /> <!-- for ZUK -->
38-->[me.leolin:ShortcutBadger:1.1.22] AndroidManifest.xml:39:5-93
38-->[me.leolin:ShortcutBadger:1.1.22] AndroidManifest.xml:39:22-90
39    <uses-permission android:name="android.permission.READ_APP_BADGE" /> <!-- for OPPO -->
39-->[me.leolin:ShortcutBadger:1.1.22] AndroidManifest.xml:42:5-73
39-->[me.leolin:ShortcutBadger:1.1.22] AndroidManifest.xml:42:22-70
40    <uses-permission android:name="com.oppo.launcher.permission.READ_SETTINGS" />
40-->[me.leolin:ShortcutBadger:1.1.22] AndroidManifest.xml:45:5-82
40-->[me.leolin:ShortcutBadger:1.1.22] AndroidManifest.xml:45:22-79
41    <uses-permission android:name="com.oppo.launcher.permission.WRITE_SETTINGS" /> <!-- for EvMe -->
41-->[me.leolin:ShortcutBadger:1.1.22] AndroidManifest.xml:46:5-83
41-->[me.leolin:ShortcutBadger:1.1.22] AndroidManifest.xml:46:22-80
42    <uses-permission android:name="me.everything.badger.permission.BADGE_COUNT_READ" />
42-->[me.leolin:ShortcutBadger:1.1.22] AndroidManifest.xml:49:5-88
42-->[me.leolin:ShortcutBadger:1.1.22] AndroidManifest.xml:49:22-85
43    <uses-permission android:name="me.everything.badger.permission.BADGE_COUNT_WRITE" />
43-->[me.leolin:ShortcutBadger:1.1.22] AndroidManifest.xml:50:5-89
43-->[me.leolin:ShortcutBadger:1.1.22] AndroidManifest.xml:50:22-86
44
45    <application
45-->src/main/AndroidManifest.xml:10:5-54:19
46        android:name="com.broapp.user.MainApplication"
46-->src/main/AndroidManifest.xml:11:7-38
47        android:allowBackup="false"
47-->src/main/AndroidManifest.xml:14:7-34
48        android:appComponentFactory="androidx.core.app.CoreComponentFactory"
48-->[androidx.core:core:1.2.0] AndroidManifest.xml:24:18-86
49        android:debuggable="true"
50        android:icon="@mipmap/logo_bro"
50-->src/main/AndroidManifest.xml:13:7-38
51        android:label="@string/app_name"
51-->src/main/AndroidManifest.xml:12:7-39
52        android:theme="@style/AppTheme"
52-->src/main/AndroidManifest.xml:16:7-38
53        android:usesCleartextTraffic="true" >
53-->src/main/AndroidManifest.xml:15:7-42
54        <activity android:name="com.facebook.react.devsupport.DevSettingsActivity" />
54-->src/debug/AndroidManifest.xml:11:9-86
54-->src/debug/AndroidManifest.xml:11:19-83
55        <activity
55-->src/main/AndroidManifest.xml:17:7-29:18
56            android:name="com.broapp.user.MainActivity"
56-->src/main/AndroidManifest.xml:18:9-37
57            android:configChanges="keyboard|keyboardHidden|orientation|screenSize|uiMode"
57-->src/main/AndroidManifest.xml:21:9-86
58            android:label="@string/app_name"
58-->src/main/AndroidManifest.xml:19:9-41
59            android:launchMode="singleTask"
59-->src/main/AndroidManifest.xml:22:9-40
60            android:screenOrientation="portrait"
60-->src/main/AndroidManifest.xml:20:9-45
61            android:windowSoftInputMode="adjustResize" >
61-->src/main/AndroidManifest.xml:23:9-51
62            <intent-filter>
62-->src/main/AndroidManifest.xml:24:9-28:25
63                <action android:name="android.intent.action.MAIN" />
63-->src/main/AndroidManifest.xml:25:13-65
63-->src/main/AndroidManifest.xml:25:21-62
64
65                <category android:name="android.intent.category.LAUNCHER" />
65-->src/main/AndroidManifest.xml:26:13-73
65-->src/main/AndroidManifest.xml:26:23-70
66                <!-- <action android:name="com.google.firebase.MESSAGING_EVENT" /> -->
67            </intent-filter>
68        </activity>
69
70        <meta-data
70-->src/main/AndroidManifest.xml:31:7-32:44
71            android:name="com.dieam.reactnativepushnotification.notification_foreground"
71-->src/main/AndroidManifest.xml:31:19-95
72            android:value="false" /> <!-- Change the resource name to your App's accent color - or any other color you want -->
72-->src/main/AndroidManifest.xml:32:21-42
73        <meta-data
73-->src/main/AndroidManifest.xml:34:9-35:54
74            android:name="com.dieam.reactnativepushnotification.notification_color"
74-->src/main/AndroidManifest.xml:34:21-92
75            android:resource="@color/white" /> <!-- or @android:color/{name} to use a standard color -->
75-->src/main/AndroidManifest.xml:35:21-52
76        <receiver android:name="com.dieam.reactnativepushnotification.modules.RNPushNotificationActions" />
76-->src/main/AndroidManifest.xml:37:9-108
76-->src/main/AndroidManifest.xml:37:19-105
77        <receiver android:name="com.dieam.reactnativepushnotification.modules.RNPushNotificationPublisher" />
77-->src/main/AndroidManifest.xml:38:9-110
77-->src/main/AndroidManifest.xml:38:19-107
78        <receiver android:name="com.dieam.reactnativepushnotification.modules.RNPushNotificationBootEventReceiver" >
78-->src/main/AndroidManifest.xml:39:9-45:20
78-->src/main/AndroidManifest.xml:39:19-115
79            <intent-filter>
79-->src/main/AndroidManifest.xml:40:13-44:29
80                <action android:name="android.intent.action.BOOT_COMPLETED" />
80-->src/main/AndroidManifest.xml:41:17-79
80-->src/main/AndroidManifest.xml:41:25-76
81                <action android:name="android.intent.action.QUICKBOOT_POWERON" />
81-->src/main/AndroidManifest.xml:42:17-82
81-->src/main/AndroidManifest.xml:42:25-79
82                <action android:name="com.htc.intent.action.QUICKBOOT_POWERON" />
82-->src/main/AndroidManifest.xml:43:17-81
82-->src/main/AndroidManifest.xml:43:25-79
83            </intent-filter>
84        </receiver>
85
86        <service
86-->src/main/AndroidManifest.xml:47:9-53:19
87            android:name="com.dieam.reactnativepushnotification.modules.RNPushNotificationListenerService"
87-->src/main/AndroidManifest.xml:48:13-107
88            android:exported="false" >
88-->src/main/AndroidManifest.xml:49:13-37
89            <intent-filter>
89-->src/main/AndroidManifest.xml:50:13-52:29
90                <action android:name="com.google.firebase.MESSAGING_EVENT" />
90-->src/main/AndroidManifest.xml:51:17-78
90-->src/main/AndroidManifest.xml:51:25-75
91            </intent-filter>
92        </service>
93        <service android:name="io.invertase.firebase.messaging.ReactNativeFirebaseMessagingHeadlessService" />
93-->[:react-native-firebase_messaging] AndroidManifest.xml:14:9-111
93-->[:react-native-firebase_messaging] AndroidManifest.xml:14:18-108
94        <service
94-->[:react-native-firebase_messaging] AndroidManifest.xml:15:9-21:19
95            android:name="io.invertase.firebase.messaging.ReactNativeFirebaseMessagingService"
95-->[:react-native-firebase_messaging] AndroidManifest.xml:16:13-95
96            android:exported="false" >
96-->[:react-native-firebase_messaging] AndroidManifest.xml:17:13-37
97            <intent-filter>
97-->src/main/AndroidManifest.xml:50:13-52:29
98                <action android:name="com.google.firebase.MESSAGING_EVENT" />
98-->src/main/AndroidManifest.xml:51:17-78
98-->src/main/AndroidManifest.xml:51:25-75
99            </intent-filter>
100        </service>
101
102        <receiver
102-->[:react-native-firebase_messaging] AndroidManifest.xml:23:9-30:20
103            android:name="io.invertase.firebase.messaging.ReactNativeFirebaseMessagingReceiver"
103-->[:react-native-firebase_messaging] AndroidManifest.xml:24:13-96
104            android:exported="true"
104-->[:react-native-firebase_messaging] AndroidManifest.xml:25:13-36
105            android:permission="com.google.android.c2dm.permission.SEND" >
105-->[:react-native-firebase_messaging] AndroidManifest.xml:26:13-73
106            <intent-filter>
106-->[:react-native-firebase_messaging] AndroidManifest.xml:27:13-29:29
107                <action android:name="com.google.android.c2dm.intent.RECEIVE" />
107-->[:react-native-firebase_messaging] AndroidManifest.xml:28:17-81
107-->[:react-native-firebase_messaging] AndroidManifest.xml:28:25-78
108            </intent-filter>
109        </receiver>
110
111        <meta-data
111-->[:react-native-firebase_messaging] AndroidManifest.xml:32:9-34:36
112            android:name="firebase_messaging_auto_init_enabled"
112-->[:react-native-firebase_messaging] AndroidManifest.xml:33:13-64
113            android:value="true" />
113-->[:react-native-firebase_messaging] AndroidManifest.xml:34:13-33
114        <meta-data
114-->[:react-native-firebase_messaging] AndroidManifest.xml:35:9-37:32
115            android:name="com.google.firebase.messaging.default_notification_channel_id"
115-->[:react-native-firebase_messaging] AndroidManifest.xml:36:13-89
116            android:value="" />
116-->[:react-native-firebase_messaging] AndroidManifest.xml:37:13-29
117        <meta-data
117-->[:react-native-firebase_messaging] AndroidManifest.xml:38:9-40:47
118            android:name="com.google.firebase.messaging.default_notification_color"
118-->[:react-native-firebase_messaging] AndroidManifest.xml:39:13-84
119            android:resource="@color/white" />
119-->[:react-native-firebase_messaging] AndroidManifest.xml:40:13-44
120        <meta-data
120-->[:react-native-firebase_app] AndroidManifest.xml:10:9-12:36
121            android:name="app_data_collection_default_enabled"
121-->[:react-native-firebase_app] AndroidManifest.xml:11:13-63
122            android:value="true" />
122-->[:react-native-firebase_app] AndroidManifest.xml:12:13-33
123
124        <service
124-->[:react-native-firebase_app] AndroidManifest.xml:14:9-18:19
125            android:name="com.google.firebase.components.ComponentDiscoveryService"
125-->[:react-native-firebase_app] AndroidManifest.xml:14:18-89
126            android:directBootAware="true"
126-->[com.google.firebase:firebase-common:20.0.0] AndroidManifest.xml:35:13-43
127            android:exported="false" >
127-->[com.google.firebase:firebase-messaging:23.0.0] AndroidManifest.xml:51:13-37
128            <meta-data
128-->[:react-native-firebase_app] AndroidManifest.xml:15:13-17:85
129                android:name="com.google.firebase.components:io.invertase.firebase.app.ReactNativeFirebaseAppRegistrar"
129-->[:react-native-firebase_app] AndroidManifest.xml:16:17-120
130                android:value="com.google.firebase.components.ComponentRegistrar" />
130-->[:react-native-firebase_app] AndroidManifest.xml:17:17-82
131            <meta-data
131-->[com.google.firebase:firebase-messaging:23.0.0] AndroidManifest.xml:52:13-54:85
132                android:name="com.google.firebase.components:com.google.firebase.messaging.FirebaseMessagingRegistrar"
132-->[com.google.firebase:firebase-messaging:23.0.0] AndroidManifest.xml:53:17-119
133                android:value="com.google.firebase.components.ComponentRegistrar" />
133-->[com.google.firebase:firebase-messaging:23.0.0] AndroidManifest.xml:54:17-82
134            <meta-data
134-->[com.google.firebase:firebase-iid:21.1.0] AndroidManifest.xml:32:13-34:85
135                android:name="com.google.firebase.components:com.google.firebase.iid.Registrar"
135-->[com.google.firebase:firebase-iid:21.1.0] AndroidManifest.xml:33:17-96
136                android:value="com.google.firebase.components.ComponentRegistrar" />
136-->[com.google.firebase:firebase-iid:21.1.0] AndroidManifest.xml:34:17-82
137            <meta-data
137-->[com.google.firebase:firebase-datatransport:18.0.0] AndroidManifest.xml:28:13-30:85
138                android:name="com.google.firebase.components:com.google.firebase.datatransport.TransportRegistrar"
138-->[com.google.firebase:firebase-datatransport:18.0.0] AndroidManifest.xml:29:17-115
139                android:value="com.google.firebase.components.ComponentRegistrar" />
139-->[com.google.firebase:firebase-datatransport:18.0.0] AndroidManifest.xml:30:17-82
140            <meta-data
140-->[com.google.android.gms:play-services-measurement-api:20.0.2] AndroidManifest.xml:30:13-32:85
141                android:name="com.google.firebase.components:com.google.firebase.analytics.connector.internal.AnalyticsConnectorRegistrar"
141-->[com.google.android.gms:play-services-measurement-api:20.0.2] AndroidManifest.xml:31:17-139
142                android:value="com.google.firebase.components.ComponentRegistrar" />
142-->[com.google.android.gms:play-services-measurement-api:20.0.2] AndroidManifest.xml:32:17-82
143            <meta-data
143-->[com.google.firebase:firebase-installations:17.0.0] AndroidManifest.xml:18:13-20:85
144                android:name="com.google.firebase.components:com.google.firebase.installations.FirebaseInstallationsRegistrar"
144-->[com.google.firebase:firebase-installations:17.0.0] AndroidManifest.xml:19:17-127
145                android:value="com.google.firebase.components.ComponentRegistrar" />
145-->[com.google.firebase:firebase-installations:17.0.0] AndroidManifest.xml:20:17-82
146        </service>
147
148        <provider
148-->[:react-native-firebase_app] AndroidManifest.xml:20:9-24:38
149            android:name="io.invertase.firebase.app.ReactNativeFirebaseAppInitProvider"
149-->[:react-native-firebase_app] AndroidManifest.xml:21:13-88
150            android:authorities="com.broapp.user.reactnativefirebaseappinitprovider"
150-->[:react-native-firebase_app] AndroidManifest.xml:22:13-86
151            android:exported="false"
151-->[:react-native-firebase_app] AndroidManifest.xml:23:13-37
152            android:initOrder="99" />
152-->[:react-native-firebase_app] AndroidManifest.xml:24:13-35
153
154        <receiver
154-->[com.google.firebase:firebase-messaging:23.0.0] AndroidManifest.xml:28:9-35:20
155            android:name="com.google.firebase.iid.FirebaseInstanceIdReceiver"
155-->[com.google.firebase:firebase-messaging:23.0.0] AndroidManifest.xml:29:13-78
156            android:exported="true"
156-->[com.google.firebase:firebase-messaging:23.0.0] AndroidManifest.xml:30:13-36
157            android:permission="com.google.android.c2dm.permission.SEND" >
157-->[com.google.firebase:firebase-messaging:23.0.0] AndroidManifest.xml:31:13-73
158            <intent-filter>
158-->[:react-native-firebase_messaging] AndroidManifest.xml:27:13-29:29
159                <action android:name="com.google.android.c2dm.intent.RECEIVE" />
159-->[:react-native-firebase_messaging] AndroidManifest.xml:28:17-81
159-->[:react-native-firebase_messaging] AndroidManifest.xml:28:25-78
160            </intent-filter>
161        </receiver>
162        <!--
163             FirebaseMessagingService performs security checks at runtime,
164             but set to not exported to explicitly avoid allowing another app to call it.
165        -->
166        <service
166-->[com.google.firebase:firebase-messaging:23.0.0] AndroidManifest.xml:41:9-48:19
167            android:name="com.google.firebase.messaging.FirebaseMessagingService"
167-->[com.google.firebase:firebase-messaging:23.0.0] AndroidManifest.xml:42:13-82
168            android:directBootAware="true"
168-->[com.google.firebase:firebase-messaging:23.0.0] AndroidManifest.xml:43:13-43
169            android:exported="false" >
169-->[com.google.firebase:firebase-messaging:23.0.0] AndroidManifest.xml:44:13-37
170            <intent-filter android:priority="-500" >
170-->src/main/AndroidManifest.xml:50:13-52:29
171                <action android:name="com.google.firebase.MESSAGING_EVENT" />
171-->src/main/AndroidManifest.xml:51:17-78
171-->src/main/AndroidManifest.xml:51:25-75
172            </intent-filter>
173        </service>
174        <service
174-->[com.google.android.datatransport:transport-backend-cct:3.0.0] AndroidManifest.xml:29:9-35:19
175            android:name="com.google.android.datatransport.runtime.backends.TransportBackendDiscovery"
175-->[com.google.android.datatransport:transport-backend-cct:3.0.0] AndroidManifest.xml:30:13-103
176            android:exported="false" >
176-->[com.google.android.datatransport:transport-backend-cct:3.0.0] AndroidManifest.xml:31:13-37
177            <meta-data
177-->[com.google.android.datatransport:transport-backend-cct:3.0.0] AndroidManifest.xml:32:13-34:39
178                android:name="backend:com.google.android.datatransport.cct.CctBackendFactory"
178-->[com.google.android.datatransport:transport-backend-cct:3.0.0] AndroidManifest.xml:33:17-94
179                android:value="cct" />
179-->[com.google.android.datatransport:transport-backend-cct:3.0.0] AndroidManifest.xml:34:17-36
180        </service>
181
182        <provider
182-->[com.google.firebase:firebase-common:20.0.0] AndroidManifest.xml:26:9-31:39
183            android:name="com.google.firebase.provider.FirebaseInitProvider"
183-->[com.google.firebase:firebase-common:20.0.0] AndroidManifest.xml:27:13-77
184            android:authorities="com.broapp.user.firebaseinitprovider"
184-->[com.google.firebase:firebase-common:20.0.0] AndroidManifest.xml:28:13-72
185            android:directBootAware="true"
185-->[com.google.firebase:firebase-common:20.0.0] AndroidManifest.xml:29:13-43
186            android:exported="false"
186-->[com.google.firebase:firebase-common:20.0.0] AndroidManifest.xml:30:13-37
187            android:initOrder="100" />
187-->[com.google.firebase:firebase-common:20.0.0] AndroidManifest.xml:31:13-36
188
189        <service
189-->[com.google.android.datatransport:transport-runtime:3.0.0] AndroidManifest.xml:26:9-30:19
190            android:name="com.google.android.datatransport.runtime.scheduling.jobscheduling.JobInfoSchedulerService"
190-->[com.google.android.datatransport:transport-runtime:3.0.0] AndroidManifest.xml:27:13-117
191            android:exported="false"
191-->[com.google.android.datatransport:transport-runtime:3.0.0] AndroidManifest.xml:28:13-37
192            android:permission="android.permission.BIND_JOB_SERVICE" >
192-->[com.google.android.datatransport:transport-runtime:3.0.0] AndroidManifest.xml:29:13-69
193        </service>
194
195        <receiver
195-->[com.google.android.datatransport:transport-runtime:3.0.0] AndroidManifest.xml:32:9-34:40
196            android:name="com.google.android.datatransport.runtime.scheduling.jobscheduling.AlarmManagerSchedulerBroadcastReceiver"
196-->[com.google.android.datatransport:transport-runtime:3.0.0] AndroidManifest.xml:33:13-132
197            android:exported="false" />
197-->[com.google.android.datatransport:transport-runtime:3.0.0] AndroidManifest.xml:34:13-37
198
199        <activity
199-->[com.google.android.gms:play-services-auth:19.2.0] AndroidManifest.xml:23:9-27:75
200            android:name="com.google.android.gms.auth.api.signin.internal.SignInHubActivity"
200-->[com.google.android.gms:play-services-auth:19.2.0] AndroidManifest.xml:24:13-93
201            android:excludeFromRecents="true"
201-->[com.google.android.gms:play-services-auth:19.2.0] AndroidManifest.xml:25:13-46
202            android:exported="false"
202-->[com.google.android.gms:play-services-auth:19.2.0] AndroidManifest.xml:26:13-37
203            android:theme="@android:style/Theme.Translucent.NoTitleBar" />
203-->[com.google.android.gms:play-services-auth:19.2.0] AndroidManifest.xml:27:13-72
204        <!--
205            Service handling Google Sign-In user revocation. For apps that do not integrate with
206            Google Sign-In, this service will never be started.
207        -->
208        <service
208-->[com.google.android.gms:play-services-auth:19.2.0] AndroidManifest.xml:33:9-37:51
209            android:name="com.google.android.gms.auth.api.signin.RevocationBoundService"
209-->[com.google.android.gms:play-services-auth:19.2.0] AndroidManifest.xml:34:13-89
210            android:exported="true"
210-->[com.google.android.gms:play-services-auth:19.2.0] AndroidManifest.xml:35:13-36
211            android:permission="com.google.android.gms.auth.api.signin.permission.REVOCATION_NOTIFICATION"
211-->[com.google.android.gms:play-services-auth:19.2.0] AndroidManifest.xml:36:13-107
212            android:visibleToInstantApps="true" />
212-->[com.google.android.gms:play-services-auth:19.2.0] AndroidManifest.xml:37:13-48
213
214        <activity
214-->[com.google.android.gms:play-services-base:17.5.0] AndroidManifest.xml:23:9-26:75
215            android:name="com.google.android.gms.common.api.GoogleApiActivity"
215-->[com.google.android.gms:play-services-base:17.5.0] AndroidManifest.xml:24:13-79
216            android:exported="false"
216-->[com.google.android.gms:play-services-base:17.5.0] AndroidManifest.xml:25:13-37
217            android:theme="@android:style/Theme.Translucent.NoTitleBar" />
217-->[com.google.android.gms:play-services-base:17.5.0] AndroidManifest.xml:26:13-72
218
219        <receiver
219-->[com.google.android.gms:play-services-measurement:20.0.2] AndroidManifest.xml:29:9-33:20
220            android:name="com.google.android.gms.measurement.AppMeasurementReceiver"
220-->[com.google.android.gms:play-services-measurement:20.0.2] AndroidManifest.xml:30:13-85
221            android:enabled="true"
221-->[com.google.android.gms:play-services-measurement:20.0.2] AndroidManifest.xml:31:13-35
222            android:exported="false" >
222-->[com.google.android.gms:play-services-measurement:20.0.2] AndroidManifest.xml:32:13-37
223        </receiver>
224
225        <service
225-->[com.google.android.gms:play-services-measurement:20.0.2] AndroidManifest.xml:35:9-38:40
226            android:name="com.google.android.gms.measurement.AppMeasurementService"
226-->[com.google.android.gms:play-services-measurement:20.0.2] AndroidManifest.xml:36:13-84
227            android:enabled="true"
227-->[com.google.android.gms:play-services-measurement:20.0.2] AndroidManifest.xml:37:13-35
228            android:exported="false" />
228-->[com.google.android.gms:play-services-measurement:20.0.2] AndroidManifest.xml:38:13-37
229        <service
229-->[com.google.android.gms:play-services-measurement:20.0.2] AndroidManifest.xml:39:9-43:72
230            android:name="com.google.android.gms.measurement.AppMeasurementJobService"
230-->[com.google.android.gms:play-services-measurement:20.0.2] AndroidManifest.xml:40:13-87
231            android:enabled="true"
231-->[com.google.android.gms:play-services-measurement:20.0.2] AndroidManifest.xml:41:13-35
232            android:exported="false"
232-->[com.google.android.gms:play-services-measurement:20.0.2] AndroidManifest.xml:42:13-37
233            android:permission="android.permission.BIND_JOB_SERVICE" />
233-->[com.google.android.gms:play-services-measurement:20.0.2] AndroidManifest.xml:43:13-69
234
235        <meta-data
235-->[com.google.android.gms:play-services-basement:18.0.0] AndroidManifest.xml:21:9-23:69
236            android:name="com.google.android.gms.version"
236-->[com.google.android.gms:play-services-basement:18.0.0] AndroidManifest.xml:22:13-58
237            android:value="@integer/google_play_services_version" />
237-->[com.google.android.gms:play-services-basement:18.0.0] AndroidManifest.xml:23:13-66
238    </application>
239
240</manifest>